<?xml version="1.0" encoding="UTF-8"?>
<!-- Generated by org.testng.reporters.JUnitXMLReporter -->
<testsuite ignored="0" hostname="hplaptop" failures="0" tests="3" name="testng" time="29.821" errors="0" timestamp="2024-02-29T15:35:55 IST">
  <testcase classname="Project1.OrangeHRM.JobView" name="setUp" time="20.86"/>
  <testcase classname="Project1.OrangeHRM.JobView" name="login" time="2.824"/>
  <testcase classname="Project1.OrangeHRM.JobView" name="navigateToJob" time="6.003"/>
</testsuite> <!-- testng -->
