<?xml version="1.0" encoding="UTF-8"?>
<!-- Generated by org.testng.reporters.JUnitXMLReporter -->
<testsuite ignored="0" hostname="hplaptop" failures="0" tests="6" name="testng" time="330.44" errors="0" timestamp="2024-02-29T21:13:13 IST">
  <testcase classname="Project1.OrangeHRM.Login" name="log" time="18.779"/>
  <testcase classname="Project1.OrangeHRM.Login" name="log" time="27.605"/>
  <testcase classname="Project1.OrangeHRM.Login" name="log" time="27.928"/>
  <testcase classname="Project1.OrangeHRM.Login" name="log" time="30.511"/>
  <testcase classname="Project1.OrangeHRM.Login" name="log" time="32.274"/>
  <testcase classname="Project1.OrangeHRM.Login" name="log" time="80.074"/>
</testsuite> <!-- testng -->
