<?xml version="1.0" encoding="UTF-8"?>
<testng-results ignored="0" total="6" passed="6" failed="0" skipped="0">
  <reporter-output>
  </reporter-output>
  <suite started-at="2024-02-29T21:07:36 IST" name="Suite" finished-at="2024-02-29T21:13:07 IST" duration-ms="330440">
    <groups>
    </groups>
    <test started-at="2024-02-29T21:07:36 IST" name="testng" finished-at="2024-02-29T21:13:07 IST" duration-ms="330440">
      <class name="Project1.OrangeHRM.Login">
        <test-method signature="log()[pri:0, instance:Project1.OrangeHRM.Login@1677d1]" started-at="2024-02-29T21:07:36 IST" name="log" finished-at="2024-02-29T21:07:55 IST" duration-ms="18779" status="PASS">
          <reporter-output>
          </reporter-output>
        </test-method> <!-- log -->
      </class> <!-- Project1.OrangeHRM.Login -->
      <class name="Project1.OrangeHRM.VisaImmigration">
        <test-method signature="log()[pri:0, instance:Project1.OrangeHRM.VisaImmigration@56528192]" started-at="2024-02-29T21:07:55 IST" name="log" finished-at="2024-02-29T21:08:23 IST" duration-ms="27605" status="PASS">
          <reporter-output>
          </reporter-output>
        </test-method> <!-- log -->
        <test-method is-config="true" signature="immegration()[pri:0, instance:Project1.OrangeHRM.VisaImmigration@56528192]" started-at="2024-02-29T21:08:23 IST" name="immegration" finished-at="2024-02-29T21:08:37 IST" duration-ms="14002" status="PASS">
          <reporter-output>
          </reporter-output>
        </test-method> <!-- immegration -->
      </class> <!-- Project1.OrangeHRM.VisaImmigration -->
      <class name="Project1.OrangeHRM.PassportImmigration">
        <test-method signature="log()[pri:0, instance:Project1.OrangeHRM.PassportImmigration@1c93084c]" started-at="2024-02-29T21:08:37 IST" name="log" finished-at="2024-02-29T21:09:05 IST" duration-ms="27928" status="PASS">
          <reporter-output>
          </reporter-output>
        </test-method> <!-- log -->
        <test-method is-config="true" signature="immegration()[pri:0, instance:Project1.OrangeHRM.PassportImmigration@1c93084c]" started-at="2024-02-29T21:09:05 IST" name="immegration" finished-at="2024-02-29T21:09:27 IST" duration-ms="22622" status="PASS">
          <reporter-output>
          </reporter-output>
        </test-method> <!-- immegration -->
      </class> <!-- Project1.OrangeHRM.PassportImmigration -->
      <class name="Project1.OrangeHRM.DeleteImmegration">
        <test-method signature="log()[pri:0, instance:Project1.OrangeHRM.DeleteImmegration@6ef888f6]" started-at="2024-02-29T21:09:27 IST" name="log" finished-at="2024-02-29T21:09:58 IST" duration-ms="30511" status="PASS">
          <reporter-output>
          </reporter-output>
        </test-method> <!-- log -->
        <test-method is-config="true" signature="delete()[pri:0, instance:Project1.OrangeHRM.DeleteImmegration@6ef888f6]" started-at="2024-02-29T21:09:58 IST" name="delete" finished-at="2024-02-29T21:10:15 IST" duration-ms="17567" status="PASS">
          <reporter-output>
          </reporter-output>
        </test-method> <!-- delete -->
      </class> <!-- Project1.OrangeHRM.DeleteImmegration -->
      <class name="Project1.OrangeHRM.JobView">
        <test-method signature="log()[pri:0, instance:Project1.OrangeHRM.JobView@7ce3cb8e]" started-at="2024-02-29T21:11:21 IST" name="log" finished-at="2024-02-29T21:12:41 IST" duration-ms="80074" status="PASS">
          <reporter-output>
          </reporter-output>
        </test-method> <!-- log -->
        <test-method is-config="true" signature="job()[pri:0, instance:Project1.OrangeHRM.JobView@7ce3cb8e]" started-at="2024-02-29T21:12:41 IST" name="job" finished-at="2024-02-29T21:13:07 IST" duration-ms="25570" status="PASS">
          <reporter-output>
          </reporter-output>
        </test-method> <!-- job -->
      </class> <!-- Project1.OrangeHRM.JobView -->
      <class name="Project1.OrangeHRM.FileAttachment">
        <test-method signature="log()[pri:0, instance:Project1.OrangeHRM.FileAttachment@10e92f8f]" started-at="2024-02-29T21:10:15 IST" name="log" finished-at="2024-02-29T21:10:48 IST" duration-ms="32274" status="PASS">
          <reporter-output>
          </reporter-output>
        </test-method> <!-- log -->
        <test-method is-config="true" signature="FileAttach()[pri:0, instance:Project1.OrangeHRM.FileAttachment@10e92f8f]" started-at="2024-02-29T21:10:48 IST" name="FileAttach" finished-at="2024-02-29T21:11:21 IST" duration-ms="33133" status="PASS">
          <reporter-output>
          </reporter-output>
        </test-method> <!-- FileAttach -->
      </class> <!-- Project1.OrangeHRM.FileAttachment -->
    </test> <!-- testng -->
  </suite> <!-- Suite -->
</testng-results>
