<?xml version="1.0" encoding="UTF-8"?>
<testng-results ignored="0" total="1" passed="1" failed="0" skipped="0">
  <reporter-output>
  </reporter-output>
  <suite started-at="2024-02-29T21:02:08 IST" name="Default suite" finished-at="2024-02-29T21:02:32 IST" duration-ms="23630">
    <groups>
    </groups>
    <test started-at="2024-02-29T21:02:08 IST" name="Default test" finished-at="2024-02-29T21:02:32 IST" duration-ms="23630">
      <class name="Project1.OrangeHRM.JobView">
        <test-method signature="log()[pri:0, instance:Project1.OrangeHRM.JobView@436813f3]" started-at="2024-02-29T21:02:08 IST" name="log" finished-at="2024-02-29T21:02:27 IST" duration-ms="18980" status="PASS">
          <reporter-output>
          </reporter-output>
        </test-method> <!-- log -->
        <test-method is-config="true" signature="job()[pri:0, instance:Project1.OrangeHRM.JobView@436813f3]" started-at="2024-02-29T21:02:27 IST" name="job" finished-at="2024-02-29T21:02:32 IST" duration-ms="4553" status="PASS">
          <reporter-output>
          </reporter-output>
        </test-method> <!-- job -->
      </class> <!-- Project1.OrangeHRM.JobView -->
    </test> <!-- Default test -->
  </suite> <!-- Default suite -->
</testng-results>
